# JRE version: Java(TM) SE Runtime Environment (8.0-b132) (build 1.8.0-b132)
# Java VM: Java HotSpot(TM) 64-Bit Server VM (25.0-b70 mixed mode windows-amd64 compressed oops)
Heap:
 PSYoungGen      total 83456K, used 37940K [0x00000000e0b00000, 0x00000000e7100000, 0x0000000100000000)
  eden space 64512K, 51% used [0x00000000e0b00000,0x00000000e2b22618,0x00000000e4a00000)
  from space 18944K, 26% used [0x00000000e5e80000,0x00000000e636abc8,0x00000000e7100000)
  to   space 19968K, 0% used [0x00000000e4a00000,0x00000000e4a00000,0x00000000e5d80000)
 ParOldGen       total 69632K, used 51951K [0x00000000a2000000, 0x00000000a6400000, 0x00000000e0b00000)
  object space 69632K, 74% used [0x00000000a2000000,0x00000000a52bbd70,0x00000000a6400000)
 Metaspace       used 33760K, capacity 33946K, committed 34176K, reserved 1079296K
  class space    used 4903K, capacity 4968K, committed 4992K, reserved 1048576K
GC Heap History (10 events):
Event: 10.975 GC heap before
{Heap before GC invocations=31 (full 4):
 PSYoungGen      total 73728K, used 70127K [0x00000000e0b00000, 0x00000000e6700000, 0x0000000100000000)
  eden space 56832K, 100% used [0x00000000e0b00000,0x00000000e4280000,0x00000000e4280000)
  from space 16896K, 78% used [0x00000000e5480000,0x00000000e617bc30,0x00000000e6500000)
  to   space 18432K, 0% used [0x00000000e4280000,0x00000000e4280000,0x00000000e5480000)
 ParOldGen       total 60928K, used 45921K [0x00000000a2000000, 0x00000000a5b80000, 0x00000000e0b00000)
  object space 60928K, 75% used [0x00000000a2000000,0x00000000a4cd8680,0x00000000a5b80000)
 Metaspace       used 30246K, capacity 30434K, committed 30720K, reserved 1075200K
  class space    used 4429K, capacity 4482K, committed 4608K, reserved 1048576K
Event: 10.982 GC heap after
Heap after GC invocations=31 (full 4):
 PSYoungGen      total 75264K, used 18404K [0x00000000e0b00000, 0x00000000e7100000, 0x0000000100000000)
  eden space 56832K, 0% used [0x00000000e0b00000,0x00000000e0b00000,0x00000000e4280000)
  from space 18432K, 99% used [0x00000000e4280000,0x00000000e5479328,0x00000000e5480000)
  to   space 22016K, 0% used [0x00000000e5b80000,0x00000000e5b80000,0x00000000e7100000)
 ParOldGen       total 60928K, used 46320K [0x00000000a2000000, 0x00000000a5b80000, 0x00000000e0b00000)
  object space 60928K, 76% used [0x00000000a2000000,0x00000000a4d3c268,0x00000000a5b80000)
 Metaspace       used 30246K, capacity 30434K, committed 30720K, reserved 1075200K
  class space    used 4429K, capacity 4482K, committed 4608K, reserved 1048576K
}
Event: 11.462 GC heap before
{Heap before GC invocations=32 (full 4):
 PSYoungGen      total 75264K, used 75236K [0x00000000e0b00000, 0x00000000e7100000, 0x0000000100000000)
  eden space 56832K, 100% used [0x00000000e0b00000,0x00000000e4280000,0x00000000e4280000)
  from space 18432K, 99% used [0x00000000e4280000,0x00000000e5479328,0x00000000e5480000)
  to   space 22016K, 0% used [0x00000000e5b80000,0x00000000e5b80000,0x00000000e7100000)
 ParOldGen       total 60928K, used 46320K [0x00000000a2000000, 0x00000000a5b80000, 0x00000000e0b00000)
  object space 60928K, 76% used [0x00000000a2000000,0x00000000a4d3c268,0x00000000a5b80000)
 Metaspace       used 30247K, capacity 30434K, committed 30720K, reserved 1075200K
  class space    used 4429K, capacity 4482K, committed 4608K, reserved 1048576K
Event: 11.472 GC heap after
Heap after GC invocations=32 (full 4):
 PSYoungGen      total 82432K, used 11244K [0x00000000e0b00000, 0x00000000e7080000, 0x0000000100000000)
  eden space 60928K, 0% used [0x00000000e0b00000,0x00000000e0b00000,0x00000000e4680000)
  from space 21504K, 52% used [0x00000000e5b80000,0x00000000e667b2e0,0x00000000e7080000)
  to   space 21504K, 0% used [0x00000000e4680000,0x00000000e4680000,0x00000000e5b80000)
 ParOldGen       total 60928K, used 52145K [0x00000000a2000000, 0x00000000a5b80000, 0x00000000e0b00000)
  object space 60928K, 85% used [0x00000000a2000000,0x00000000a52ec630,0x00000000a5b80000)
 Metaspace       used 30247K, capacity 30434K, committed 30720K, reserved 1075200K
  class space    used 4429K, capacity 4482K, committed 4608K, reserved 1048576K
}
Event: 11.473 GC heap before
{Heap before GC invocations=33 (full 5):
 PSYoungGen      total 82432K, used 11244K [0x00000000e0b00000, 0x00000000e7080000, 0x0000000100000000)
  eden space 60928K, 0% used [0x00000000e0b00000,0x00000000e0b00000,0x00000000e4680000)
  from space 21504K, 52% used [0x00000000e5b80000,0x00000000e667b2e0,0x00000000e7080000)
  to   space 21504K, 0% used [0x00000000e4680000,0x00000000e4680000,0x00000000e5b80000)
 ParOldGen       total 60928K, used 52145K [0x00000000a2000000, 0x00000000a5b80000, 0x00000000e0b00000)
  object space 60928K, 85% used [0x00000000a2000000,0x00000000a52ec630,0x00000000a5b80000)
 Metaspace       used 30247K, capacity 30434K, committed 30720K, reserved 1075200K
  class space    used 4429K, capacity 4482K, committed 4608K, reserved 1048576K
Event: 11.537 GC heap after
Heap after GC invocations=33 (full 5):
 PSYoungGen      total 82432K, used 0K [0x00000000e0b00000, 0x00000000e7080000, 0x0000000100000000)
  eden space 60928K, 0% used [0x00000000e0b00000,0x00000000e0b00000,0x00000000e4680000)
  from space 21504K, 0% used [0x00000000e5b80000,0x00000000e5b80000,0x00000000e7080000)
  to   space 21504K, 0% used [0x00000000e4680000,0x00000000e4680000,0x00000000e5b80000)
 ParOldGen       total 69632K, used 51935K [0x00000000a2000000, 0x00000000a6400000, 0x00000000e0b00000)
  object space 69632K, 74% used [0x00000000a2000000,0x00000000a52b7d70,0x00000000a6400000)
 Metaspace       used 30247K, capacity 30434K, committed 30720K, reserved 1075200K
  class space    used 4429K, capacity 4482K, committed 4608K, reserved 1048576K
}
Event: 12.114 GC heap before
{Heap before GC invocations=34 (full 5):
 PSYoungGen      total 82432K, used 60928K [0x00000000e0b00000, 0x00000000e7080000, 0x0000000100000000)
  eden space 60928K, 100% used [0x00000000e0b00000,0x00000000e4680000,0x00000000e4680000)
  from space 21504K, 0% used [0x00000000e5b80000,0x00000000e5b80000,0x00000000e7080000)
  to   space 21504K, 0% used [0x00000000e4680000,0x00000000e4680000,0x00000000e5b80000)
 ParOldGen       total 69632K, used 51935K [0x00000000a2000000, 0x00000000a6400000, 0x00000000e0b00000)
  object space 69632K, 74% used [0x00000000a2000000,0x00000000a52b7d70,0x00000000a6400000)
 Metaspace       used 31739K, capacity 31938K, committed 32128K, reserved 1077248K
  class space    used 4636K, capacity 4706K, committed 4736K, reserved 1048576K
Event: 12.119 GC heap after
Heap after GC invocations=34 (full 5):
 PSYoungGen      total 82432K, used 6666K [0x00000000e0b00000, 0x00000000e7280000, 0x0000000100000000)
  eden space 60928K, 0% used [0x00000000e0b00000,0x00000000e0b00000,0x00000000e4680000)
  from space 21504K, 31% used [0x00000000e4680000,0x00000000e4d02918,0x00000000e5b80000)
  to   space 20480K, 0% used [0x00000000e5e80000,0x00000000e5e80000,0x00000000e7280000)
 ParOldGen       total 69632K, used 51943K [0x00000000a2000000, 0x00000000a6400000, 0x00000000e0b00000)
  object space 69632K, 74% used [0x00000000a2000000,0x00000000a52b9d70,0x00000000a6400000)
 Metaspace       used 31739K, capacity 31938K, committed 32128K, reserved 1077248K
  class space    used 4636K, capacity 4706K, committed 4736K, reserved 1048576K
}
Event: 12.489 GC heap before
{Heap before GC invocations=35 (full 5):
 PSYoungGen      total 82432K, used 58696K [0x00000000e0b00000, 0x00000000e7280000, 0x0000000100000000)
  eden space 60928K, 85% used [0x00000000e0b00000,0x00000000e3dcf8c0,0x00000000e4680000)
  from space 21504K, 31% used [0x00000000e4680000,0x00000000e4d02918,0x00000000e5b80000)
  to   space 20480K, 0% used [0x00000000e5e80000,0x00000000e5e80000,0x00000000e7280000)
 ParOldGen       total 69632K, used 51943K [0x00000000a2000000, 0x00000000a6400000, 0x00000000e0b00000)
  object space 69632K, 74% used [0x00000000a2000000,0x00000000a52b9d70,0x00000000a6400000)
 Metaspace       used 33183K, capacity 33338K, committed 33664K, reserved 1077248K
  class space    used 4828K, capacity 4872K, committed 4992K, reserved 1048576K
Event: 12.493 GC heap after
Heap after GC invocations=35 (full 5):
 PSYoungGen      total 83456K, used 5034K [0x00000000e0b00000, 0x00000000e7100000, 0x0000000100000000)
  eden space 64512K, 0% used [0x00000000e0b00000,0x00000000e0b00000,0x00000000e4a00000)
  from space 18944K, 26% used [0x00000000e5e80000,0x00000000e636abc8,0x00000000e7100000)
  to   space 19968K, 0% used [0x00000000e4a00000,0x00000000e4a00000,0x00000000e5d80000)
 ParOldGen       total 69632K, used 51951K [0x00000000a2000000, 0x00000000a6400000, 0x00000000e0b00000)
  object space 69632K, 74% used [0x00000000a2000000,0x00000000a52bbd70,0x00000000a6400000)
 Metaspace       used 33183K, capacity 33338K, committed 33664K, reserved 1077248K
  class space    used 4828K, capacity 4872K, committed 4992K, reserved 1048576K
}

